The system is: Windows - 10.0.19044 - AMD64
Compiling the C compiler identification source file "CMakeCCompilerId.c" succeeded.
Compiler:  
Build flags: 
Id flags:  

The output was:
0
Microsoft (R) Build Engine versione 17.1.0+ae57d105c per .NET Framework
Copyright (C) Microsoft Corporation. Tutti i diritti sono riservati.

Compilazione avviata 11/04/2023 21:29:07.
Progetto "C:\Testing_Codes\PyfromCppPlugin\build\CMakeFiles\3.25.2\CompilerIdC\CompilerIdC.vcxproj" sul nodo 1 (destinazioni predefinite).
PrepareForBuild:
  Creazione directory "Debug\".
  Creazione directory "Debug\CompilerIdC.tlog\".
InitializeBuildStatus:
  Creazione di "Debug\CompilerIdC.tlog\unsuccessfulbuild". È stato specificato "AlwaysCreate".
ClCompile:
  C:\Program Files\Microsoft Visual Studio\2022\Community\VC\Tools\MSVC\14.31.31103\bin\HostX64\x64\CL.exe /c /nologo /W0 /WX- /diagnostics:column /Od /D _MBCS /Gm- /EHsc /RTC1 /MDd /GS /fp:precise /Zc:wchar_t /Zc:forScope /Zc:inline /Fo"Debug\\" /Fd"Debug\vc143.pdb" /external:W0 /Gd /TC /FC /errorReport:queue CMakeCCompilerId.c
  CMakeCCompilerId.c
Link:
  C:\Program Files\Microsoft Visual Studio\2022\Community\VC\Tools\MSVC\14.31.31103\bin\HostX64\x64\link.exe /ERRORREPORT:QUEUE /OUT:".\CompilerIdC.exe" /INCREMENTAL:NO /NOLOGO kernel32.lib user32.lib gdi32.lib winspool.lib comdlg32.lib advapi32.lib shell32.lib ole32.lib oleaut32.lib uuid.lib odbc32.lib odbccp32.lib /MANIFEST /MANIFESTUAC:"level='asInvoker' uiAccess='false'" /manifest:embed /PDB:".\CompilerIdC.pdb" /SUBSYSTEM:CONSOLE /TLBID:1 /DYNAMICBASE /NXCOMPAT /IMPLIB:".\CompilerIdC.lib" /MACHINE:X64 Debug\CMakeCCompilerId.obj
  CompilerIdC.vcxproj -> C:\Testing_Codes\PyfromCppPlugin\build\CMakeFiles\3.25.2\CompilerIdC\CompilerIdC.exe
PostBuildEvent:
  for %%i in (cl.exe) do @echo CMAKE_C_COMPILER=%%~$PATH:i
  :VCEnd
  CMAKE_C_COMPILER=C:\Program Files\Microsoft Visual Studio\2022\Community\VC\Tools\MSVC\14.31.31103\bin\Hostx64\x64\cl.exe
FinalizeBuildStatus:
  Eliminazione del file "Debug\CompilerIdC.tlog\unsuccessfulbuild" in corso.
  Aggiornamento timestamp di "Debug\CompilerIdC.tlog\CompilerIdC.lastbuildstate".
Compilazione progetto "C:\Testing_Codes\PyfromCppPlugin\build\CMakeFiles\3.25.2\CompilerIdC\CompilerIdC.vcxproj" (destinazioni predefinite) completata.

Compilazione completata.
    Avvisi: 0
    Errori: 0

Tempo trascorso 00:00:00.88


Compilation of the C compiler identification source "CMakeCCompilerId.c" produced "CompilerIdC.exe"

Compilation of the C compiler identification source "CMakeCCompilerId.c" produced "CompilerIdC.vcxproj"

The C compiler identification is MSVC, found in "C:/Testing_Codes/PyfromCppPlugin/build/CMakeFiles/3.25.2/CompilerIdC/CompilerIdC.exe"

Compiling the CXX compiler identification source file "CMakeCXXCompilerId.cpp" succeeded.
Compiler:  
Build flags: 
Id flags:  

The output was:
0
Microsoft (R) Build Engine versione 17.1.0+ae57d105c per .NET Framework
Copyright (C) Microsoft Corporation. Tutti i diritti sono riservati.

Compilazione avviata 11/04/2023 21:29:08.
Progetto "C:\Testing_Codes\PyfromCppPlugin\build\CMakeFiles\3.25.2\CompilerIdCXX\CompilerIdCXX.vcxproj" sul nodo 1 (destinazioni predefinite).
PrepareForBuild:
  Creazione directory "Debug\".
  Creazione directory "Debug\CompilerIdCXX.tlog\".
InitializeBuildStatus:
  Creazione di "Debug\CompilerIdCXX.tlog\unsuccessfulbuild". È stato specificato "AlwaysCreate".
ClCompile:
  C:\Program Files\Microsoft Visual Studio\2022\Community\VC\Tools\MSVC\14.31.31103\bin\HostX64\x64\CL.exe /c /nologo /W0 /WX- /diagnostics:column /Od /D _MBCS /Gm- /EHsc /RTC1 /MDd /GS /fp:precise /Zc:wchar_t /Zc:forScope /Zc:inline /Fo"Debug\\" /Fd"Debug\vc143.pdb" /external:W0 /Gd /TP /FC /errorReport:queue CMakeCXXCompilerId.cpp
  CMakeCXXCompilerId.cpp
Link:
  C:\Program Files\Microsoft Visual Studio\2022\Community\VC\Tools\MSVC\14.31.31103\bin\HostX64\x64\link.exe /ERRORREPORT:QUEUE /OUT:".\CompilerIdCXX.exe" /INCREMENTAL:NO /NOLOGO kernel32.lib user32.lib gdi32.lib winspool.lib comdlg32.lib advapi32.lib shell32.lib ole32.lib oleaut32.lib uuid.lib odbc32.lib odbccp32.lib /MANIFEST /MANIFESTUAC:"level='asInvoker' uiAccess='false'" /manifest:embed /PDB:".\CompilerIdCXX.pdb" /SUBSYSTEM:CONSOLE /TLBID:1 /DYNAMICBASE /NXCOMPAT /IMPLIB:".\CompilerIdCXX.lib" /MACHINE:X64 Debug\CMakeCXXCompilerId.obj
  CompilerIdCXX.vcxproj -> C:\Testing_Codes\PyfromCppPlugin\build\CMakeFiles\3.25.2\CompilerIdCXX\CompilerIdCXX.exe
PostBuildEvent:
  for %%i in (cl.exe) do @echo CMAKE_CXX_COMPILER=%%~$PATH:i
  :VCEnd
  CMAKE_CXX_COMPILER=C:\Program Files\Microsoft Visual Studio\2022\Community\VC\Tools\MSVC\14.31.31103\bin\Hostx64\x64\cl.exe
FinalizeBuildStatus:
  Eliminazione del file "Debug\CompilerIdCXX.tlog\unsuccessfulbuild" in corso.
  Aggiornamento timestamp di "Debug\CompilerIdCXX.tlog\CompilerIdCXX.lastbuildstate".
Compilazione progetto "C:\Testing_Codes\PyfromCppPlugin\build\CMakeFiles\3.25.2\CompilerIdCXX\CompilerIdCXX.vcxproj" (destinazioni predefinite) completata.

Compilazione completata.
    Avvisi: 0
    Errori: 0

Tempo trascorso 00:00:00.70


Compilation of the CXX compiler identification source "CMakeCXXCompilerId.cpp" produced "CompilerIdCXX.exe"

Compilation of the CXX compiler identification source "CMakeCXXCompilerId.cpp" produced "CompilerIdCXX.vcxproj"

The CXX compiler identification is MSVC, found in "C:/Testing_Codes/PyfromCppPlugin/build/CMakeFiles/3.25.2/CompilerIdCXX/CompilerIdCXX.exe"

Detecting C compiler ABI info compiled with the following output:
Change Dir: C:/Testing_Codes/PyfromCppPlugin/build/CMakeFiles/CMakeScratch/TryCompile-05k23t

Run Build Command(s):C:/Program Files/Microsoft Visual Studio/2022/Community/MSBuild/Current/Bin/amd64/MSBuild.exe cmTC_e8e86.vcxproj /p:Configuration=Debug /p:Platform=x64 /p:VisualStudioVersion=17.0 /v:m && Microsoft (R) Build Engine versione 17.1.0+ae57d105c per .NET Framework
Copyright (C) Microsoft Corporation. Tutti i diritti sono riservati.

  Microsoft (R) C/C++ Optimizing Compiler versione 19.31.31104 per x64
  CMakeCCompilerABI.c
  Copyright (C) Microsoft Corporation. Tutti i diritti  sono riservati.
  cl /c /Zi /W1 /WX- /diagnostics:column /Od /Ob0 /D _MBCS /D WIN32 /D _WINDOWS /D "CMAKE_INTDIR=\"Debug\"" /Gm- /RTC1 /MDd /GS /fp:precise /Zc:wchar_t /Zc:forScope /Zc:inline /Fo"cmTC_e8e86.dir\Debug\\" /Fd"cmTC_e8e86.dir\Debug\vc143.pdb" /external:W1 /Gd /TC /errorReport:queue "C:\Program Files\CMake\share\cmake-3.25\Modules\CMakeCCompilerABI.c"
  cmTC_e8e86.vcxproj -> C:\Testing_Codes\PyfromCppPlugin\build\CMakeFiles\CMakeScratch\TryCompile-05k23t\Debug\cmTC_e8e86.exe



Detecting CXX compiler ABI info compiled with the following output:
Change Dir: C:/Testing_Codes/PyfromCppPlugin/build/CMakeFiles/CMakeScratch/TryCompile-wovtl1

Run Build Command(s):C:/Program Files/Microsoft Visual Studio/2022/Community/MSBuild/Current/Bin/amd64/MSBuild.exe cmTC_da94b.vcxproj /p:Configuration=Debug /p:Platform=x64 /p:VisualStudioVersion=17.0 /v:m && Microsoft (R) Build Engine versione 17.1.0+ae57d105c per .NET Framework
Copyright (C) Microsoft Corporation. Tutti i diritti sono riservati.

  Microsoft (R) C/C++ Optimizing Compiler versione 19.31.31104 per x64
  CMakeCXXCompilerABI.cpp
  Copyright (C) Microsoft Corporation. Tutti i diritti  sono riservati.
  cl /c /Zi /W1 /WX- /diagnostics:column /Od /Ob0 /D _MBCS /D WIN32 /D _WINDOWS /D "CMAKE_INTDIR=\"Debug\"" /Gm- /EHsc /RTC1 /MDd /GS /fp:precise /Zc:wchar_t /Zc:forScope /Zc:inline /GR /Fo"cmTC_da94b.dir\Debug\\" /Fd"cmTC_da94b.dir\Debug\vc143.pdb" /external:W1 /Gd /TP /errorReport:queue "C:\Program Files\CMake\share\cmake-3.25\Modules\CMakeCXXCompilerABI.cpp"
  cmTC_da94b.vcxproj -> C:\Testing_Codes\PyfromCppPlugin\build\CMakeFiles\CMakeScratch\TryCompile-wovtl1\Debug\cmTC_da94b.exe



